<?xml version="1.0" encoding="UTF-8"?>
<testsuite name="Academy Choucair" tests="1" skipped="0" failures="0" errors="0" timestamp="2020-11-09T02:01:40" hostname="DESKTOP-OQKLJK0" time="22.964">
  <properties/>
  <testcase name="Searh for a automation course" classname="Academy Choucair" time="22.964"/>
  <system-out><![CDATA[ISTQB Agile Tester Extension
ISTQB Agile Tester Extension
]]></system-out>
  <system-err><![CDATA[[Test worker] WARN net.thucydides.core.steps.BaseStepListener - stepStarted: net.thucydides.core.steps.ExecutedStepDescription@29632d4f
[Test worker] WARN net.thucydides.core.steps.BaseStepListener - stepStarted: net.thucydides.core.steps.ExecutedStepDescription@671032fd
[Test worker] WARN net.thucydides.core.steps.BaseStepListener - stepStarted: net.thucydides.core.steps.ExecutedStepDescription@42321761
nov 08, 2020 9:01:41 PM org.openqa.selenium.remote.DesiredCapabilities chrome
INFORMACIÓN: Using `new ChromeOptions()` is preferred to `DesiredCapabilities.chrome()`
[Test worker] INFO net.serenitybdd.core.webdriver.driverproviders.ProvideNewDriver - Instantiating driver
[Test worker] INFO net.serenitybdd.core.webdriver.driverproviders.ProvideNewDriver - Driver capabilities: Capabilities {acceptInsecureCerts: false, browserName: chrome, chrome.switches: --start-maximized, goog:chromeOptions: {args: [--start-maximized], extensions: []}, loggingPrefs: org.openqa.selenium.logging..., platform: ANY, version: }
Starting ChromeDriver 86.0.4240.22 (398b0743353ff36fb1b82468f63a3a93b4e2e89e-refs/branch-heads/4240@{#378}) on port 33269
Only local connections are allowed.
Please see https://chromedriver.chromium.org/security-considerations for suggestions on keeping ChromeDriver safe.
ChromeDriver was started successfully.
nov 08, 2020 9:01:45 PM org.openqa.selenium.remote.ProtocolHandshake createSession
INFORMACIÓN: Detected dialect: W3C
[Test worker] WARN net.thucydides.core.steps.BaseStepListener - stepFinished: current outcome:Searh for a automation course:Given than brandon wants to learn automation at the academy Choucair
| strUser | strPassword |
| 1077459419 | Choucair2020* | [Carlos open up [Carlos opens the Choucair academy page]]
[Test worker] WARN net.thucydides.core.steps.BaseStepListener - stepFinished: current outcome:Searh for a automation course:Given than brandon wants to learn automation at the academy Choucair
| strUser | strPassword |
| 1077459419 | Choucair2020* | [Carlos open up [Carlos opens the Choucair academy page]]
[Test worker] WARN net.thucydides.core.steps.BaseStepListener - stepStarted: net.thucydides.core.steps.ExecutedStepDescription@407069a7
[Test worker] WARN net.thucydides.core.steps.BaseStepListener - stepStarted: net.thucydides.core.steps.ExecutedStepDescription@3da398f0
[Test worker] WARN net.thucydides.core.steps.BaseStepListener - stepFinished: current outcome:Searh for a automation course:Given than brandon wants to learn automation at the academy Choucair
| strUser | strPassword |
| 1077459419 | Choucair2020* | [Carlos open up [Carlos opens the Choucair academy page], Carlos login [Carlos clicks on button tha shows us the form to login]]
[Test worker] WARN net.thucydides.core.steps.BaseStepListener - stepStarted: net.thucydides.core.steps.ExecutedStepDescription@52698d2b
[Test worker] WARN net.thucydides.core.steps.BaseStepListener - stepFinished: current outcome:Searh for a automation course:Given than brandon wants to learn automation at the academy Choucair
| strUser | strPassword |
| 1077459419 | Choucair2020* | [Carlos open up [Carlos opens the Choucair academy page], Carlos login [Carlos clicks on button tha shows us the form to login, Carlos enters '1077459419' into where do we write the user]]
[Test worker] WARN net.thucydides.core.steps.BaseStepListener - stepStarted: net.thucydides.core.steps.ExecutedStepDescription@7fae161a
[Test worker] WARN net.thucydides.core.steps.BaseStepListener - stepFinished: current outcome:Searh for a automation course:Given than brandon wants to learn automation at the academy Choucair
| strUser | strPassword |
| 1077459419 | Choucair2020* | [Carlos open up [Carlos opens the Choucair academy page], Carlos login [Carlos clicks on button tha shows us the form to login, Carlos enters '1077459419' into where do we write the user, Carlos enters 'Choucair2020*' into where do we write the password]]
[Test worker] WARN net.thucydides.core.steps.BaseStepListener - stepStarted: net.thucydides.core.steps.ExecutedStepDescription@6a08de66
[Test worker] WARN net.thucydides.core.steps.BaseStepListener - stepFinished: current outcome:Searh for a automation course:Given than brandon wants to learn automation at the academy Choucair
| strUser | strPassword |
| 1077459419 | Choucair2020* | [Carlos open up [Carlos opens the Choucair academy page], Carlos login [Carlos clicks on button tha shows us the form to login, Carlos enters '1077459419' into where do we write the user, Carlos enters 'Choucair2020*' into where do we write the password, Carlos clicks on button to confirm login]]
[Test worker] WARN net.thucydides.core.steps.BaseStepListener - stepFinished: current outcome:Searh for a automation course:Given than brandon wants to learn automation at the academy Choucair
| strUser | strPassword |
| 1077459419 | Choucair2020* | [Carlos open up [Carlos opens the Choucair academy page], Carlos login [Carlos clicks on button tha shows us the form to login, Carlos enters '1077459419' into where do we write the user, Carlos enters 'Choucair2020*' into where do we write the password, Carlos clicks on button to confirm login]]
[Test worker] WARN net.thucydides.core.steps.BaseStepListener - stepFinished: current outcome:Searh for a automation course:Given than brandon wants to learn automation at the academy Choucair
| strUser | strPassword |
| 1077459419 | Choucair2020* | [Carlos open up [Carlos opens the Choucair academy page], Carlos login [Carlos clicks on button tha shows us the form to login, Carlos enters '1077459419' into where do we write the user, Carlos enters 'Choucair2020*' into where do we write the password, Carlos clicks on button to confirm login]]
[Test worker] WARN net.thucydides.core.steps.BaseStepListener - stepStarted: net.thucydides.core.steps.ExecutedStepDescription@3fa1ebc5
[Test worker] WARN net.thucydides.core.steps.BaseStepListener - stepStarted: net.thucydides.core.steps.ExecutedStepDescription@969e87e
[Test worker] WARN net.thucydides.core.steps.BaseStepListener - stepStarted: net.thucydides.core.steps.ExecutedStepDescription@470115d2
[Test worker] WARN net.thucydides.core.steps.BaseStepListener - stepFinished: current outcome:Searh for a automation course:Given than brandon wants to learn automation at the academy Choucair
| strUser | strPassword |
| 1077459419 | Choucair2020* | [Carlos open up [Carlos opens the Choucair academy page], Carlos login [Carlos clicks on button tha shows us the form to login, Carlos enters '1077459419' into where do we write the user, Carlos enters 'Choucair2020*' into where do we write the password, Carlos clicks on button to confirm login]], When he search for the course on the Choucair Academy Platform
| strCourse |
| ISTQB Agile Tester Extension | [Carlos search [Carlos clicks on selecciona Cursos y Certificaciones]]
[Test worker] WARN net.thucydides.core.steps.BaseStepListener - stepStarted: net.thucydides.core.steps.ExecutedStepDescription@42323c37
[Test worker] WARN net.thucydides.core.steps.BaseStepListener - stepFinished: current outcome:Searh for a automation course:Given than brandon wants to learn automation at the academy Choucair
| strUser | strPassword |
| 1077459419 | Choucair2020* | [Carlos open up [Carlos opens the Choucair academy page], Carlos login [Carlos clicks on button tha shows us the form to login, Carlos enters '1077459419' into where do we write the user, Carlos enters 'Choucair2020*' into where do we write the password, Carlos clicks on button to confirm login]], When he search for the course on the Choucair Academy Platform
| strCourse |
| ISTQB Agile Tester Extension | [Carlos search [Carlos clicks on selecciona Cursos y Certificaciones, Carlos enters 'ISTQB Agile Tester Extension' into Buscar el curso]]
[Test worker] WARN net.thucydides.core.steps.BaseStepListener - stepStarted: net.thucydides.core.steps.ExecutedStepDescription@6ca26d89
[Test worker] WARN net.thucydides.core.steps.BaseStepListener - stepFinished: current outcome:Searh for a automation course:Given than brandon wants to learn automation at the academy Choucair
| strUser | strPassword |
| 1077459419 | Choucair2020* | [Carlos open up [Carlos opens the Choucair academy page], Carlos login [Carlos clicks on button tha shows us the form to login, Carlos enters '1077459419' into where do we write the user, Carlos enters 'Choucair2020*' into where do we write the password, Carlos clicks on button to confirm login]], When he search for the course on the Choucair Academy Platform
| strCourse |
| ISTQB Agile Tester Extension | [Carlos search [Carlos clicks on selecciona Cursos y Certificaciones, Carlos enters 'ISTQB Agile Tester Extension' into Buscar el curso, Carlos clicks on Da click para buscar el curso]]
[Test worker] WARN net.thucydides.core.steps.BaseStepListener - stepStarted: net.thucydides.core.steps.ExecutedStepDescription@759076a5
[Test worker] WARN net.thucydides.core.steps.BaseStepListener - stepFinished: current outcome:Searh for a automation course:Given than brandon wants to learn automation at the academy Choucair
| strUser | strPassword |
| 1077459419 | Choucair2020* | [Carlos open up [Carlos opens the Choucair academy page], Carlos login [Carlos clicks on button tha shows us the form to login, Carlos enters '1077459419' into where do we write the user, Carlos enters 'Choucair2020*' into where do we write the password, Carlos clicks on button to confirm login]], When he search for the course on the Choucair Academy Platform
| strCourse |
| ISTQB Agile Tester Extension | [Carlos search [Carlos clicks on selecciona Cursos y Certificaciones, Carlos enters 'ISTQB Agile Tester Extension' into Buscar el curso, Carlos clicks on Da click para buscar el curso, Carlos clicks on Da click para buscar el curso]]
[Test worker] WARN net.thucydides.core.steps.BaseStepListener - stepFinished: current outcome:Searh for a automation course:Given than brandon wants to learn automation at the academy Choucair
| strUser | strPassword |
| 1077459419 | Choucair2020* | [Carlos open up [Carlos opens the Choucair academy page], Carlos login [Carlos clicks on button tha shows us the form to login, Carlos enters '1077459419' into where do we write the user, Carlos enters 'Choucair2020*' into where do we write the password, Carlos clicks on button to confirm login]], When he search for the course on the Choucair Academy Platform
| strCourse |
| ISTQB Agile Tester Extension | [Carlos search [Carlos clicks on selecciona Cursos y Certificaciones, Carlos enters 'ISTQB Agile Tester Extension' into Buscar el curso, Carlos clicks on Da click para buscar el curso, Carlos clicks on Da click para buscar el curso]]
[Test worker] WARN net.thucydides.core.steps.BaseStepListener - stepFinished: current outcome:Searh for a automation course:Given than brandon wants to learn automation at the academy Choucair
| strUser | strPassword |
| 1077459419 | Choucair2020* | [Carlos open up [Carlos opens the Choucair academy page], Carlos login [Carlos clicks on button tha shows us the form to login, Carlos enters '1077459419' into where do we write the user, Carlos enters 'Choucair2020*' into where do we write the password, Carlos clicks on button to confirm login]], When he search for the course on the Choucair Academy Platform
| strCourse |
| ISTQB Agile Tester Extension | [Carlos search [Carlos clicks on selecciona Cursos y Certificaciones, Carlos enters 'ISTQB Agile Tester Extension' into Buscar el curso, Carlos clicks on Da click para buscar el curso, Carlos clicks on Da click para buscar el curso]]
[Test worker] WARN net.thucydides.core.steps.BaseStepListener - stepStarted: net.thucydides.core.steps.ExecutedStepDescription@4ba60c0e
[Test worker] WARN net.thucydides.core.steps.BaseStepListener - stepStarted: net.thucydides.core.steps.ExecutedStepDescription@417c3c72
[Test worker] WARN net.thucydides.core.steps.BaseStepListener - stepFinished: current outcome:Searh for a automation course:Given than brandon wants to learn automation at the academy Choucair
| strUser | strPassword |
| 1077459419 | Choucair2020* | [Carlos open up [Carlos opens the Choucair academy page], Carlos login [Carlos clicks on button tha shows us the form to login, Carlos enters '1077459419' into where do we write the user, Carlos enters 'Choucair2020*' into where do we write the password, Carlos clicks on button to confirm login]], When he search for the course on the Choucair Academy Platform
| strCourse |
| ISTQB Agile Tester Extension | [Carlos search [Carlos clicks on selecciona Cursos y Certificaciones, Carlos enters 'ISTQB Agile Tester Extension' into Buscar el curso, Carlos clicks on Da click para buscar el curso, Carlos clicks on Da click para buscar el curso]], Then he finds the course called
| strCourse |
| ISTQB Agile Tester Extension | [Then answer]
[Test worker] WARN net.thucydides.core.steps.BaseStepListener - stepFinished: current outcome:Searh for a automation course:Given than brandon wants to learn automation at the academy Choucair
| strUser | strPassword |
| 1077459419 | Choucair2020* | [Carlos open up [Carlos opens the Choucair academy page], Carlos login [Carlos clicks on button tha shows us the form to login, Carlos enters '1077459419' into where do we write the user, Carlos enters 'Choucair2020*' into where do we write the password, Carlos clicks on button to confirm login]], When he search for the course on the Choucair Academy Platform
| strCourse |
| ISTQB Agile Tester Extension | [Carlos search [Carlos clicks on selecciona Cursos y Certificaciones, Carlos enters 'ISTQB Agile Tester Extension' into Buscar el curso, Carlos clicks on Da click para buscar el curso, Carlos clicks on Da click para buscar el curso]], Then he finds the course called
| strCourse |
| ISTQB Agile Tester Extension | [Then answer]
[Test worker] WARN net.thucydides.core.steps.BaseStepListener - testFinished: Searh for a automation course:Given than brandon wants to learn automation at the academy Choucair
| strUser | strPassword |
| 1077459419 | Choucair2020* | [Carlos open up [Carlos opens the Choucair academy page], Carlos login [Carlos clicks on button tha shows us the form to login, Carlos enters '1077459419' into where do we write the user, Carlos enters 'Choucair2020*' into where do we write the password, Carlos clicks on button to confirm login]], When he search for the course on the Choucair Academy Platform
| strCourse |
| ISTQB Agile Tester Extension | [Carlos search [Carlos clicks on selecciona Cursos y Certificaciones, Carlos enters 'ISTQB Agile Tester Extension' into Buscar el curso, Carlos clicks on Da click para buscar el curso, Carlos clicks on Da click para buscar el curso]], Then he finds the course called
| strCourse |
| ISTQB Agile Tester Extension | [Then answer]
[Test worker] WARN net.thucydides.core.steps.BaseStepListener - TestOutcomes: [Searh for a automation course:Given than brandon wants to learn automation at the academy Choucair
| strUser | strPassword |
| 1077459419 | Choucair2020* | [Carlos open up [Carlos opens the Choucair academy page], Carlos login [Carlos clicks on button tha shows us the form to login, Carlos enters '1077459419' into where do we write the user, Carlos enters 'Choucair2020*' into where do we write the password, Carlos clicks on button to confirm login]], When he search for the course on the Choucair Academy Platform
| strCourse |
| ISTQB Agile Tester Extension | [Carlos search [Carlos clicks on selecciona Cursos y Certificaciones, Carlos enters 'ISTQB Agile Tester Extension' into Buscar el curso, Carlos clicks on Da click para buscar el curso, Carlos clicks on Da click para buscar el curso]], Then he finds the course called
| strCourse |
| ISTQB Agile Tester Extension | [Then answer]]
[Test worker] WARN net.thucydides.core.steps.BaseStepListener - Final testOutcomes: [Searh for a automation course:Given than brandon wants to learn automation at the academy Choucair
| strUser | strPassword |
| 1077459419 | Choucair2020* | [Carlos open up [Carlos opens the Choucair academy page], Carlos login [Carlos clicks on button tha shows us the form to login, Carlos enters '1077459419' into where do we write the user, Carlos enters 'Choucair2020*' into where do we write the password, Carlos clicks on button to confirm login]], When he search for the course on the Choucair Academy Platform
| strCourse |
| ISTQB Agile Tester Extension | [Carlos search [Carlos clicks on selecciona Cursos y Certificaciones, Carlos enters 'ISTQB Agile Tester Extension' into Buscar el curso, Carlos clicks on Da click para buscar el curso, Carlos clicks on Da click para buscar el curso]], Then he finds the course called
| strCourse |
| ISTQB Agile Tester Extension | [Then answer]]
[Test worker] INFO net.thucydides.core.steps.ConsoleLoggingListener - 
        __    _____ _____ ____ _____   ____   _    ____  ____  _____ ____  
  _     \ \  |_   _| ____/ ___|_   _| |  _ \ / \  / ___|/ ___|| ____|  _ \ 
 (_)_____| |   | | |  _| \___ \ | |   | |_) / _ \ \___ \\___ \|  _| | | | |
  _|_____| |   | | | |___ ___) || |   |  __/ ___ \ ___) |___) | |___| |_| |
 (_)     | |   |_| |_____|____/ |_|   |_| /_/   \_\____/|____/|_____|____/ 
        /_/                                                                

TEST PASSED: Searh for a automation course
----------------------------------------------------------------------------
]]></system-err>
</testsuite>
